<?xml version="1.0" encoding="UTF-8"?>
<!-- Generated by org.testng.reporters.JUnitReportReporter -->
<testsuite hostname="DESKTOP-OQSCL5N" failures="0" tests="1" name="demo.DemoClass" time="0.020" errors="0" timestamp="2022-11-19T20:49:51 IST" skipped="0">
  <testcase classname="demo.DemoClass" name="demo" time="0.020"/>
  <system-out/>
</testsuite> <!-- demo.DemoClass -->
